date: "2015-01-07 15:02:43.882"
argv: node /usr/local/bin/hexo s
os: Linux 3.16.0-23-generic linux x64
versions:
  http_parser: "1.0"
  node: 0.10.25
  v8: 3.14.5.9
  ares: 1.10.0
  uv: 0.10.23
  zlib: 1.2.8
  modules: "11"
  openssl: 1.0.1f
  hexo: 2.8.3
---
[debug] 15:02:43.406 Config file loaded from /root/blog/_config.yml[debug] 15:02:43.409 Version info checked successfully[debug] 15:02:43.437 Loading database.[debug] 15:02:43.493 Processed: draft.md (3ms)[debug] 15:02:43.493 Processed: page.md (2ms)[debug] 15:02:43.495 Processed: photo.md (4ms)[debug] 15:02:43.495 Processed: post.md (4ms)[debug] 15:02:43.521 Plugin loaded successfully: hexo-renderer-ejs[debug] 15:02:43.541 Plugin loaded successfully: hexo-renderer-marked[debug] 15:02:43.701 Plugin loaded successfully: hexo-renderer-stylus[debug] 15:02:43.703 Script load successfully: fancybox.js[debug] 15:02:43.732 Processed: _posts/bookstore.md (5ms)[debug] 15:02:43.733 Processed: _posts/terraria.md (0ms)[debug] 15:02:43.734 Processed: bookstore/index.md (1ms)[debug] 15:02:43.755 Processed: source/js/script.js (1ms)[debug] 15:02:43.756 Processed: source/css/_extend.styl (1ms)[debug] 15:02:43.756 Processed: source/css/_variables.styl (0ms)[debug] 15:02:43.756 Processed: source/css/style.styl (0ms)[debug] 15:02:43.756 Processed: source/css/_partial/archive.styl (0ms)[debug] 15:02:43.757 Processed: source/css/_partial/article.styl (1ms)[debug] 15:02:43.757 Processed: source/css/_partial/comment.styl (0ms)[debug] 15:02:43.757 Processed: source/css/_partial/footer.styl (0ms)[debug] 15:02:43.757 Processed: source/css/_partial/header.styl (0ms)[debug] 15:02:43.757 Processed: source/css/_partial/highlight.styl (0ms)[debug] 15:02:43.757 Processed: source/css/_partial/mobile.styl (0ms)[debug] 15:02:43.757 Processed: source/css/_partial/sidebar-aside.styl (0ms)[debug] 15:02:43.757 Processed: source/css/_partial/sidebar-bottom.styl (0ms)[debug] 15:02:43.758 Processed: source/css/_partial/sidebar.styl (0ms)[debug] 15:02:43.758 Processed: source/css/_util/grid.styl (0ms)[debug] 15:02:43.758 Processed: source/css/_util/mixin.styl (0ms)[debug] 15:02:43.758 Processed: source/css/fonts/FontAwesome.otf (0ms)[debug] 15:02:43.758 Processed: source/css/fonts/fontawesome-webfont.eot (0ms)[debug] 15:02:43.759 Processed: source/css/fonts/fontawesome-webfont.svg (1ms)[debug] 15:02:43.759 Processed: source/css/fonts/fontawesome-webfont.ttf (0ms)[debug] 15:02:43.759 Processed: source/css/fonts/fontawesome-webfont.woff (0ms)[debug] 15:02:43.760 Processed: source/css/images/banner.jpg (1ms)[debug] 15:02:43.760 Processed: source/css/images/whistler.jpg (0ms)[debug] 15:02:43.760 Processed: source/fancybox/blank.gif (0ms)[debug] 15:02:43.760 Processed: source/fancybox/fancybox_loading.gif (0ms)[debug] 15:02:43.761 Processed: source/fancybox/fancybox_loading@2x.gif (1ms)[debug] 15:02:43.761 Processed: source/fancybox/fancybox_overlay.png (0ms)[debug] 15:02:43.761 Processed: source/fancybox/fancybox_sprite.png (0ms)[debug] 15:02:43.761 Processed: source/fancybox/fancybox_sprite@2x.png (0ms)[debug] 15:02:43.762 Processed: source/fancybox/jquery.fancybox.css (0ms)[debug] 15:02:43.762 Processed: source/fancybox/jquery.fancybox.js (0ms)[debug] 15:02:43.762 Processed: source/fancybox/jquery.fancybox.pack.js (0ms)[debug] 15:02:43.763 Processed: source/fancybox/helpers/fancybox_buttons.png (1ms)[debug] 15:02:43.764 Processed: source/fancybox/helpers/jquery.fancybox-buttons.css (1ms)[debug] 15:02:43.764 Processed: source/fancybox/helpers/jquery.fancybox-buttons.js (0ms)[debug] 15:02:43.764 Processed: source/fancybox/helpers/jquery.fancybox-media.js (0ms)[debug] 15:02:43.764 Processed: source/fancybox/helpers/jquery.fancybox-thumbs.css (0ms)[debug] 15:02:43.765 Processed: source/fancybox/helpers/jquery.fancybox-thumbs.js (1ms)[debug] 15:02:43.770 Processed: layout/archive.ejs (22ms)[debug] 15:02:43.771 Processed: layout/category.ejs (23ms)[debug] 15:02:43.771 Processed: layout/index.ejs (22ms)[debug] 15:02:43.771 Processed: layout/layout.ejs (22ms)[debug] 15:02:43.771 Processed: layout/page.ejs (22ms)[debug] 15:02:43.771 Processed: layout/post.ejs (22ms)[debug] 15:02:43.771 Processed: layout/tag.ejs (22ms)[debug] 15:02:43.771 Processed: layout/_widget/archive.ejs (21ms)[debug] 15:02:43.771 Processed: layout/_widget/category.ejs (21ms)[debug] 15:02:43.771 Processed: layout/_widget/recent_posts.ejs (21ms)[debug] 15:02:43.771 Processed: layout/_widget/tag.ejs (21ms)[debug] 15:02:43.771 Processed: layout/_widget/tagcloud.ejs (21ms)[debug] 15:02:43.771 Processed: layout/_partial/after-footer.ejs (20ms)[debug] 15:02:43.771 Processed: layout/_partial/archive-post.ejs (20ms)[debug] 15:02:43.771 Processed: layout/_partial/archive.ejs (20ms)[debug] 15:02:43.771 Processed: layout/_partial/article.ejs (20ms)[debug] 15:02:43.772 Processed: layout/_partial/footer.ejs (21ms)[debug] 15:02:43.772 Processed: layout/_partial/google-analytics.ejs (21ms)[debug] 15:02:43.772 Processed: layout/_partial/head.ejs (20ms)[debug] 15:02:43.772 Processed: layout/_partial/header.ejs (20ms)[debug] 15:02:43.772 Processed: layout/_partial/mobile-nav.ejs (20ms)[debug] 15:02:43.772 Processed: layout/_partial/sidebar.ejs (20ms)[debug] 15:02:43.772 Processed: layout/_partial/post/category.ejs (19ms)[debug] 15:02:43.772 Processed: layout/_partial/post/date.ejs (19ms)[debug] 15:02:43.772 Processed: layout/_partial/post/gallery.ejs (19ms)[debug] 15:02:43.772 Processed: layout/_partial/post/nav.ejs (18ms)[debug] 15:02:43.772 Processed: layout/_partial/post/tag.ejs (18ms)[debug] 15:02:43.772 Processed: layout/_partial/post/title.ejs (18ms)[debug] 15:02:43.774 Theme config loaded[debug] 15:02:43.774 Processed: _config.yml (27ms)[debug] 15:02:43.792 Generator: archive (13ms)[debug] 15:02:43.793 Generator: category (0ms)[debug] 15:02:43.794 Generator: home (1ms)[debug] 15:02:43.794 Generator: page (0ms)[debug] 15:02:43.797 Generator: post (3ms)[debug] 15:02:43.797 Generator: tag (0ms)[debug] 15:02:43.800 Generator: asset (3ms)[error] 15:02:43.873 HexoError: Port 80 has been used. Try other port instead.
Error: listen EADDRINUSE
    at errnoException (net.js:901:11)
    at Server._listen2 (net.js:1039:14)
    at listen (net.js:1061:10)
    at net.js:1143:9
    at asyncCallback (dns.js:68:16)
    at Object.onanswer [as oncomplete] (dns.js:121:9)
